<?xml version="1.0" encoding="UTF-8"?>
<!-- Generated by org.testng.reporters.JUnitReportReporter -->
<testsuite skipped="0" hostname="gowtham-PC" name="com.TestCase.Sregist" tests="1" failures="0" timestamp="20 Aug 2017 12:13:46 GMT" time="20.944" errors="0">
  <testcase name="f" time="20.944" classname="com.TestCase.Sregist"/>
</testsuite> <!-- com.TestCase.Sregist -->
