<?xml version="1.0" encoding="UTF-8"?>
<!-- Generated by org.testng.reporters.JUnitReportReporter -->
<testsuite hostname="gowtham-PC" name="com.Testcase.Fb_Login" tests="1" failures="0" timestamp="20 Aug 2017 14:48:46 GMT" time="11.740" errors="0">
  <testcase name="login" time="11.740" classname="com.Testcase.Fb_Login"/>
</testsuite> <!-- com.Testcase.Fb_Login -->
