<?xml version="1.0" encoding="UTF-8"?>
<!-- Generated by org.testng.reporters.JUnitReportReporter -->
<testsuite hostname="gowtham-PC" name="com.TestNg.FB_Login" tests="1" failures="0" timestamp="20 Aug 2017 08:32:15 GMT" time="6.276" errors="0">
  <testcase name="f" time="6.276" classname="com.TestNg.FB_Login"/>
</testsuite> <!-- com.TestNg.FB_Login -->
