<?xml version="1.0" encoding="UTF-8"?>
<!-- Generated by org.testng.reporters.JUnitReportReporter -->
<testsuite hostname="gowtham-PC" name="com.TestNg.shaadiRegistration" tests="1" failures="0" timestamp="18 Aug 2017 14:38:43 GMT" time="22.036" errors="0">
  <testcase name="f" time="22.036" classname="com.TestNg.shaadiRegistration"/>
</testsuite> <!-- com.TestNg.shaadiRegistration -->
