<?xml version="1.0" encoding="UTF-8"?>
<!-- Generated by org.testng.reporters.JUnitReportReporter -->
<testsuite hostname="gowtham-PC" name="com.TestNg.MouseHover" tests="1" failures="0" timestamp="7 Oct 2017 17:55:27 GMT" time="8.443" errors="0">
  <testcase name="f" time="8.443" classname="com.TestNg.MouseHover"/>
</testsuite> <!-- com.TestNg.MouseHover -->
