<?xml version="1.0" encoding="UTF-8"?>
<!-- Generated by org.testng.reporters.JUnitReportReporter -->
<testsuite hostname="gowtham-PC" name="com.TestNg.practiceCBT" tests="1" failures="0" timestamp="16 Aug 2017 18:27:18 GMT" time="4.645" errors="0">
  <testcase name="f" time="4.645" classname="com.TestNg.practiceCBT"/>
</testsuite> <!-- com.TestNg.practiceCBT -->
