<?xml version="1.0" encoding="UTF-8"?>
<!-- Generated by org.testng.reporters.JUnitReportReporter -->
<testsuite hostname="gowtham-PC" name="com.TestNg.practiceProps" tests="1" failures="0" timestamp="16 Aug 2017 19:23:24 GMT" time="13.192" errors="0">
  <testcase name="A" time="13.192" classname="com.TestNg.practiceProps"/>
</testsuite> <!-- com.TestNg.practiceProps -->
