<?xml version="1.0" encoding="UTF-8"?>
<!-- Generated by org.testng.reporters.JUnitReportReporter -->
<testsuite hostname="gowtham-PC" name="seleniumbasic.Phantom_js" tests="1" failures="0" timestamp="16 Aug 2017 18:17:12 GMT" time="10.556" errors="0">
  <testcase name="verifyFb_title" time="10.556" classname="seleniumbasic.Phantom_js"/>
</testsuite> <!-- seleniumbasic.Phantom_js -->
