<?xml version="1.0" encoding="UTF-8"?>
<!-- Generated by org.testng.reporters.JUnitReportReporter -->
<testsuite hostname="gowtham-PC" name="com.Wordpress.demo.VerifyValidLogin" tests="1" failures="0" timestamp="23 Sep 2017 12:08:15 GMT" time="103.885" errors="0">
  <testcase name="CheckValidUser" time="103.885" classname="com.Wordpress.demo.VerifyValidLogin"/>
</testsuite> <!-- com.Wordpress.demo.VerifyValidLogin -->
