<?xml version="1.0" encoding="UTF-8"?>
<!-- Generated by org.testng.reporters.JUnitReportReporter -->
<testsuite hostname="gowtham-PC" name="com.TestNg.MultipleWindows" tests="1" failures="0" timestamp="9 Oct 2017 17:23:05 GMT" time="26.869" errors="0">
  <testcase name="f" time="26.869" classname="com.TestNg.MultipleWindows"/>
</testsuite> <!-- com.TestNg.MultipleWindows -->
