<?xml version="1.0" encoding="UTF-8"?>
<!-- Generated by org.testng.reporters.JUnitReportReporter -->
<testsuite hostname="gowtham-PC" name="com.TestNg.Framedemo" tests="1" failures="0" timestamp="10 Sep 2017 17:40:46 GMT" time="3.208" errors="0">
  <testcase name="testframes" time="3.208" classname="com.TestNg.Framedemo"/>
</testsuite> <!-- com.TestNg.Framedemo -->
