<?xml version="1.0" encoding="UTF-8"?>
<!-- Generated by org.testng.reporters.JUnitReportReporter -->
<testsuite hostname="gowtham-PC" name="com.TestNg.FirstTestCase" tests="2" failures="0" timestamp="17 Aug 2017 17:28:39 GMT" time="0.005" errors="0">
  <testcase name="test" time="0.001" classname="com.TestNg.FirstTestCase"/>
  <testcase name="sest" time="0.004" classname="com.TestNg.FirstTestCase"/>
</testsuite> <!-- com.TestNg.FirstTestCase -->
