<?xml version="1.0" encoding="UTF-8"?>
<!-- Generated by org.testng.reporters.JUnitReportReporter -->
<testsuite hostname="gowtham-PC" name="com.TestNg.MultiplePopups" tests="1" failures="0" timestamp="9 Oct 2017 17:46:07 GMT" time="6.245" errors="0">
  <testcase name="f" time="6.245" classname="com.TestNg.MultiplePopups"/>
</testsuite> <!-- com.TestNg.MultiplePopups -->
