<?xml version="1.0" encoding="UTF-8"?>
<!-- Generated by org.testng.reporters.JUnitReportReporter -->
<testsuite hostname="gowtham-PC" name="com.TestNg.dynamicXpath" tests="1" failures="0" timestamp="20 Sep 2017 16:25:56 GMT" time="8.346" errors="0">
  <testcase name="f" time="8.346" classname="com.TestNg.dynamicXpath"/>
</testsuite> <!-- com.TestNg.dynamicXpath -->
